<?xml version="1.0" encoding="UTF-8"?>
<testsuite xmlns:xsi="http://www.w3.org/2001/XMLSchema-instance" xsi:noNamespaceSchemaLocation="https://maven.apache.org/surefire/maven-surefire-plugin/xsd/surefire-test-report-3.0.xsd" version="3.0" name="com.cmpt276.budget_tracker.BudgetTrackerApplicationTests" time="2.13" tests="1" errors="0" skipped="0" failures="0">
  <properties>
[...]
</properties>
  <testcase name="contextLoads" classname="com.cmpt276.budget_tracker.BudgetTrackerApplicationTests" time="0.356">
    <system-out><![CDATA[22:24:52.980 [main] INFO org.springframework.test.context.support.AnnotationConfigContextLoaderUtils -- Could not detect default configuration classes for test class [com.cmpt276.budget_tracker.BudgetTrackerApplicationTests]: BudgetTrackerApplicationTests does not declare any static, non-private, non-final, nested classes annotated with @Configuration.
22:24:53.017 [main] INFO org.springframework.boot.test.context.SpringBootTestContextBootstrapper -- Found @SpringBootConfiguration com.cmpt276.budget_tracker.BudgetTrackerApplication for test class com.cmpt276.budget_tracker.BudgetTrackerApplicationTests
22:24:53.087 [main] INFO org.springframework.boot.devtools.restart.RestartApplicationListener -- Restart disabled due to context in which it is running

  .   ____          _            __ _ _
 /\\ / ___'_ __ _ _(_)_ __  __ _ \ \ \ \
( ( )\___ | '_ | '_| | '_ \/ _` | \ \ \ \
 \\/  ___)| |_)| | | | | || (_| |  ) ) ) )
  '  |____| .__|_| |_|_| |_\__, | / / / /
 =========|_|==============|___/=/_/_/_/
 :: Spring Boot ::                (v3.1.5)

2023-10-30T22:24:53.178-07:00  INFO 5562 --- [           main] c.c.b.BudgetTrackerApplicationTests      : Starting BudgetTrackerApplicationTests using Java 21.0.1 with PID 5562 (started by changchen in /Users/changchen/Desktop/CMPT 276/CMPT276-Team-21-Project)
2023-10-30T22:24:53.179-07:00  INFO 5562 --- [           main] c.c.b.BudgetTrackerApplicationTests      : No active profile set, falling back to 1 default profile: "default"
2023-10-30T22:24:53.586-07:00  INFO 5562 --- [           main] .s.d.r.c.RepositoryConfigurationDelegate : Bootstrapping Spring Data JPA repositories in DEFAULT mode.
2023-10-30T22:24:53.593-07:00  INFO 5562 --- [           main] .s.d.r.c.RepositoryConfigurationDelegate : Finished Spring Data repository scanning in 4 ms. Found 0 JPA repository interfaces.
2023-10-30T22:24:53.766-07:00  INFO 5562 --- [           main] com.zaxxer.hikari.HikariDataSource       : HikariPool-1 - Starting...
2023-10-30T22:24:53.851-07:00  INFO 5562 --- [           main] com.zaxxer.hikari.pool.HikariPool        : HikariPool-1 - Added connection conn0: url=jdbc:h2:mem:07af493e-042c-4a8d-882e-9af56d7117a0 user=SA
2023-10-30T22:24:53.852-07:00  INFO 5562 --- [           main] com.zaxxer.hikari.HikariDataSource       : HikariPool-1 - Start completed.
2023-10-30T22:24:53.905-07:00  INFO 5562 --- [           main] o.hibernate.jpa.internal.util.LogHelper  : HHH000204: Processing PersistenceUnitInfo [name: default]
2023-10-30T22:24:53.944-07:00  INFO 5562 --- [           main] org.hibernate.Version                    : HHH000412: Hibernate ORM core version 6.2.13.Final
2023-10-30T22:24:53.945-07:00  INFO 5562 --- [           main] org.hibernate.cfg.Environment            : HHH000406: Using bytecode reflection optimizer
2023-10-30T22:24:54.068-07:00  INFO 5562 --- [           main] o.s.o.j.p.SpringPersistenceUnitInfo      : No LoadTimeWeaver setup: ignoring JPA class transformer
2023-10-30T22:24:54.214-07:00  INFO 5562 --- [           main] o.h.e.t.j.p.i.JtaPlatformInitiator       : HHH000489: No JTA platform available (set 'hibernate.transaction.jta.platform' to enable JTA platform integration)
2023-10-30T22:24:54.216-07:00  INFO 5562 --- [           main] j.LocalContainerEntityManagerFactoryBean : Initialized JPA EntityManagerFactory for persistence unit 'default'
2023-10-30T22:24:54.281-07:00  WARN 5562 --- [           main] JpaBaseConfiguration$JpaWebConfiguration : spring.jpa.open-in-view is enabled by default. Therefore, database queries may be performed during view rendering. Explicitly configure spring.jpa.open-in-view to disable this warning
2023-10-30T22:24:54.355-07:00  INFO 5562 --- [           main] o.s.b.a.w.s.WelcomePageHandlerMapping    : Adding welcome page: class path resource [static/index.html]
2023-10-30T22:24:54.400-07:00  WARN 5562 --- [           main] ion$DefaultTemplateResolverConfiguration : Cannot find template location: classpath:/templates/ (please add some templates, check your Thymeleaf configuration, or set spring.thymeleaf.check-template-location=false)
2023-10-30T22:24:54.580-07:00  INFO 5562 --- [           main] o.s.b.a.e.web.EndpointLinksResolver      : Exposing 1 endpoint(s) beneath base path '/actuator'
2023-10-30T22:24:54.618-07:00  INFO 5562 --- [           main] c.c.b.BudgetTrackerApplicationTests      : Started BudgetTrackerApplicationTests in 1.539 seconds (process running for 1.947)
]]></system-out>
    <system-err><![CDATA[WARNING: A Java agent has been loaded dynamically (/Users/changchen/.m2/repository/net/bytebuddy/byte-buddy-agent/1.14.9/byte-buddy-agent-1.14.9.jar)
WARNING: If a serviceability tool is in use, please run with -XX:+EnableDynamicAgentLoading to hide this warning
WARNING: If a serviceability tool is not in use, please run with -Djdk.instrument.traceUsage for more information
WARNING: Dynamic loading of agents will be disallowed by default in a future release
]]></system-err>
  </testcase>
</testsuite>